<?xml version="1.0" encoding="UTF-8"?>
<!-- Generated by org.testng.reporters.JUnitXMLReporter -->
<testsuite ignored="1" hostname="Saranya" failures="0" tests="2" name="Test" time="23.393" errors="0" timestamp="2022-10-17T20:34:59 IST">
  <testcase classname="com.RegressionTestCases.UserLogOutTest" name="userLogOut" time="3.778"/>
  <testcase classname="com.RegressionTestCases.VerifyUserLoginTest" name="validUserLoginTest" time="3.433"/>
  <testcase classname="com.BaseClass.BaseClass" name="@BeforeTest loadConfig" time="0.0">
    <ignored/>
  </testcase> <!-- @BeforeTest loadConfig -->
</testsuite> <!-- Test -->
