<?xml version="1.0" encoding="UTF-8"?>
<testng-results ignored="0" total="1" passed="1" failed="0" skipped="0">
  <reporter-output>
  </reporter-output>
  <suite started-at="2022-10-12T22:17:09 IST" name="Default suite" finished-at="2022-10-12T22:17:20 IST" duration-ms="10856">
    <groups>
    </groups>
    <test started-at="2022-10-12T22:17:09 IST" name="Default test" finished-at="2022-10-12T22:17:20 IST" duration-ms="10856">
      <class name="com.RegressionTestCases.AddValidClientTest">
        <test-method is-config="true" signature="loadConfig()[pri:0, instance:com.RegressionTestCases.AddValidClientTest@6d763516]" started-at="2022-10-12T22:17:09 IST" name="loadConfig" finished-at="2022-10-12T22:17:09 IST" duration-ms="6" status="PASS">
          <reporter-output>
          </reporter-output>
        </test-method> <!-- loadConfig -->
        <test-method is-config="true" signature="call()[pri:0, instance:com.RegressionTestCases.AddValidClientTest@6d763516]" started-at="2022-10-12T22:17:09 IST" name="call" finished-at="2022-10-12T22:17:15 IST" depends-on-methods="com.BaseClass.BaseClass.loadConfig" duration-ms="5798" status="PASS">
          <reporter-output>
          </reporter-output>
        </test-method> <!-- call -->
        <test-method signature="addClient()[pri:0, instance:com.RegressionTestCases.AddValidClientTest@6d763516]" started-at="2022-10-12T22:17:15 IST" name="addClient" finished-at="2022-10-12T22:17:20 IST" duration-ms="4742" status="PASS">
          <reporter-output>
          </reporter-output>
        </test-method> <!-- addClient -->
        <test-method is-config="true" signature="closeBrowser()[pri:0, instance:com.RegressionTestCases.AddValidClientTest@6d763516]" started-at="2022-10-12T22:17:20 IST" name="closeBrowser" finished-at="2022-10-12T22:17:20 IST" duration-ms="284" status="PASS">
          <reporter-output>
          </reporter-output>
        </test-method> <!-- closeBrowser -->
      </class> <!-- com.RegressionTestCases.AddValidClientTest -->
    </test> <!-- Default test -->
  </suite> <!-- Default suite -->
</testng-results>
